<?xml version="1.0" encoding="UTF-8"?>
<!-- Generated by org.testng.reporters.JUnitReportReporter -->
<testsuite hostname="DESKTOP-BUB11K9" failures="0" tests="1" name="testCases.TC002_LoginTest" time="1.694" errors="0" timestamp="2025-08-26T17:24:31 GMT+06:00" skipped="0">
  <testcase classname="testCases.TC002_LoginTest" name="verify_login" time="1.694"/>
</testsuite> <!-- testCases.TC002_LoginTest -->
