<?xml version="1.0" encoding="UTF-8"?>
<!-- Generated by org.testng.reporters.JUnitReportReporter -->
<testsuite hostname="DESKTOP-BUB11K9" failures="0" tests="1" name="testCases.TC001_AccountRegistrationTest" time="2.431" errors="0" timestamp="2025-08-27T14:04:02 BDT" skipped="0">
  <testcase classname="testCases.TC001_AccountRegistrationTest" name="verify_account_registration" time="2.431"/>
</testsuite> <!-- testCases.TC001_AccountRegistrationTest -->
